<?xml version="1.0" encoding="utf-8"?><testsuite errors="0" failures="0" name="pytest" skipped="0" tests="2" time="0.118"><testcase classname="tests.test_data_fetcher" file="tests/test_data_fetcher.py" line="3" name="test_create_data_fetcher" time="0.002"></testcase><testcase classname="tests.test_data_spec" file="tests/test_data_spec.py" line="3" name="test_create_data_spec" time="0.001"></testcase></testsuite>